<?xml version="1.0" encoding="UTF-8"?>
<!-- Generated by org.testng.reporters.JUnitReportReporter -->
<testsuite skipped="0" hostname="Lokeshs-Air.fritz.box" name="Trivago_Mars.TestCase003_Navigate" tests="1" failures="0" timestamp="02 Nov 2018 01:40:14 GMT" time="18.923" errors="0">
  <testcase name="TestCase003_Navigate" time="18.923" classname="Trivago_Mars.TestCase003_Navigate"/>
</testsuite> <!-- Trivago_Mars.TestCase003_Navigate -->
